2022-08-05 20:53:21.719  INFO 24504 --- [main] com.example.demo.DemoApplication         : Starting DemoApplication using Java 18.0.2 on DESKTOP-AE7DGLG with PID 24504 (C:\Users\sampa\tweetapp\demo\target\classes started by sampa in C:\Users\sampa\tweetapp\demo)
2022-08-05 20:53:21.723  INFO 24504 --- [main] com.example.demo.DemoApplication         : No active profile set, falling back to 1 default profile: "default"
2022-08-05 20:53:22.457  INFO 24504 --- [main] .s.d.r.c.RepositoryConfigurationDelegate : Bootstrapping Spring Data MongoDB repositories in DEFAULT mode.
2022-08-05 20:53:22.467  INFO 24504 --- [main] .s.d.r.c.RepositoryConfigurationDelegate : Finished Spring Data repository scanning in 5 ms. Found 0 MongoDB repository interfaces.
2022-08-05 20:53:23.175  INFO 24504 --- [main] o.s.b.w.embedded.tomcat.TomcatWebServer  : Tomcat initialized with port(s): 8081 (http)
2022-08-05 20:53:23.191  INFO 24504 --- [main] o.apache.catalina.core.StandardService   : Starting service [Tomcat]
2022-08-05 20:53:23.191  INFO 24504 --- [main] org.apache.catalina.core.StandardEngine  : Starting Servlet engine: [Apache Tomcat/9.0.65]
2022-08-05 20:53:23.306  INFO 24504 --- [main] o.a.c.c.C.[Tomcat].[localhost].[/]       : Initializing Spring embedded WebApplicationContext
2022-08-05 20:53:23.306  INFO 24504 --- [main] w.s.c.ServletWebServerApplicationContext : Root WebApplicationContext: initialization completed in 1531 ms
2022-08-05 20:53:23.920  INFO 24504 --- [main] org.mongodb.driver.client                : MongoClient with metadata {"driver": {"name": "mongo-java-driver|sync|spring-boot", "version": "4.6.1"}, "os": {"type": "Windows", "name": "Windows 10", "architecture": "amd64", "version": "10.0"}, "platform": "Java/Oracle Corporation/18.0.2+9-61"} created with settings MongoClientSettings{readPreference=primary, writeConcern=WriteConcern{w=majority, wTimeout=null ms, journal=null}, retryWrites=true, retryReads=true, readConcern=ReadConcern{level=null}, credential=MongoCredential{mechanism=null, userName='mongodb', source='admin', password=<hidden>, mechanismProperties=<hidden>}, streamFactoryFactory=null, commandListeners=[], codecRegistry=ProvidersCodecRegistry{codecProviders=[ValueCodecProvider{}, BsonValueCodecProvider{}, DBRefCodecProvider{}, DBObjectCodecProvider{}, DocumentCodecProvider{}, IterableCodecProvider{}, MapCodecProvider{}, GeoJsonCodecProvider{}, GridFSFileCodecProvider{}, Jsr310CodecProvider{}, JsonObjectCodecProvider{}, BsonCodecProvider{}, EnumCodecProvider{}, com.mongodb.Jep395RecordCodecProvider@2525a5b8]}, clusterSettings={hosts=[127.0.0.1:27017], srvHost=tweetapp.mvy15xt.mongodb.net, srvServiceName=mongodb, mode=MULTIPLE, requiredClusterType=REPLICA_SET, requiredReplicaSetName='atlas-spqbwh-shard-0', serverSelector='null', clusterListeners='[]', serverSelectionTimeout='30000 ms', localThreshold='30000 ms'}, socketSettings=SocketSettings{connectTimeoutMS=10000, readTimeoutMS=0, receiveBufferSize=0, sendBufferSize=0}, heartbeatSocketSettings=SocketSettings{connectTimeoutMS=10000, readTimeoutMS=10000, receiveBufferSize=0, sendBufferSize=0}, connectionPoolSettings=ConnectionPoolSettings{maxSize=100, minSize=0, maxWaitTimeMS=120000, maxConnectionLifeTimeMS=0, maxConnectionIdleTimeMS=0, maintenanceInitialDelayMS=0, maintenanceFrequencyMS=60000, connectionPoolListeners=[], maxConnecting=2}, serverSettings=ServerSettings{heartbeatFrequencyMS=10000, minHeartbeatFrequencyMS=500, serverListeners='[]', serverMonitorListeners='[]'}, sslSettings=SslSettings{enabled=true, invalidHostNameAllowed=false, context=null}, applicationName='null', compressorList=[], uuidRepresentation=JAVA_LEGACY, serverApi=null, autoEncryptionSettings=null, contextProvider=null}
2022-08-05 20:53:23.933  INFO 24504 --- [cluster-ClusterId{value='62ed35ebb8c809774b7b9ac9', description='null'}-srv-tweetapp.mvy15xt.mongodb.net] org.mongodb.driver.cluster               : Adding discovered server ac-vfianoz-shard-00-01.mvy15xt.mongodb.net:27017 to client view of cluster
2022-08-05 20:53:23.967  INFO 24504 --- [cluster-ClusterId{value='62ed35ebb8c809774b7b9ac9', description='null'}-srv-tweetapp.mvy15xt.mongodb.net] org.mongodb.driver.cluster               : Adding discovered server ac-vfianoz-shard-00-02.mvy15xt.mongodb.net:27017 to client view of cluster
2022-08-05 20:53:23.969  INFO 24504 --- [cluster-ClusterId{value='62ed35ebb8c809774b7b9ac9', description='null'}-srv-tweetapp.mvy15xt.mongodb.net] org.mongodb.driver.cluster               : Adding discovered server ac-vfianoz-shard-00-00.mvy15xt.mongodb.net:27017 to client view of cluster
2022-08-05 20:53:24.292  INFO 24504 --- [main] o.s.b.w.embedded.tomcat.TomcatWebServer  : Tomcat started on port(s): 8081 (http) with context path ''
2022-08-05 20:53:24.334  INFO 24504 --- [main] com.example.demo.DemoApplication         : Started DemoApplication in 3.156 seconds (JVM running for 3.651)
2022-08-05 20:53:24.568  INFO 24504 --- [cluster-rtt-ClusterId{value='62ed35ebb8c809774b7b9ac9', description='null'}-ac-vfianoz-shard-00-00.mvy15xt.mongodb.net:27017] org.mongodb.driver.connection            : Opened connection [connectionId{localValue:4, serverValue:31452}] to ac-vfianoz-shard-00-00.mvy15xt.mongodb.net:27017
2022-08-05 20:53:24.568  INFO 24504 --- [cluster-ClusterId{value='62ed35ebb8c809774b7b9ac9', description='null'}-ac-vfianoz-shard-00-02.mvy15xt.mongodb.net:27017] org.mongodb.driver.connection            : Opened connection [connectionId{localValue:5, serverValue:31084}] to ac-vfianoz-shard-00-02.mvy15xt.mongodb.net:27017
2022-08-05 20:53:24.568  INFO 24504 --- [cluster-ClusterId{value='62ed35ebb8c809774b7b9ac9', description='null'}-ac-vfianoz-shard-00-00.mvy15xt.mongodb.net:27017] org.mongodb.driver.connection            : Opened connection [connectionId{localValue:1, serverValue:31442}] to ac-vfianoz-shard-00-00.mvy15xt.mongodb.net:27017
2022-08-05 20:53:24.568  INFO 24504 --- [cluster-rtt-ClusterId{value='62ed35ebb8c809774b7b9ac9', description='null'}-ac-vfianoz-shard-00-01.mvy15xt.mongodb.net:27017] org.mongodb.driver.connection            : Opened connection [connectionId{localValue:2, serverValue:32700}] to ac-vfianoz-shard-00-01.mvy15xt.mongodb.net:27017
2022-08-05 20:53:24.568  INFO 24504 --- [cluster-rtt-ClusterId{value='62ed35ebb8c809774b7b9ac9', description='null'}-ac-vfianoz-shard-00-02.mvy15xt.mongodb.net:27017] org.mongodb.driver.connection            : Opened connection [connectionId{localValue:3, serverValue:31083}] to ac-vfianoz-shard-00-02.mvy15xt.mongodb.net:27017
2022-08-05 20:53:24.568  INFO 24504 --- [cluster-ClusterId{value='62ed35ebb8c809774b7b9ac9', description='null'}-ac-vfianoz-shard-00-01.mvy15xt.mongodb.net:27017] org.mongodb.driver.connection            : Opened connection [connectionId{localValue:6, serverValue:32737}] to ac-vfianoz-shard-00-01.mvy15xt.mongodb.net:27017
2022-08-05 20:53:24.569  INFO 24504 --- [cluster-ClusterId{value='62ed35ebb8c809774b7b9ac9', description='null'}-ac-vfianoz-shard-00-00.mvy15xt.mongodb.net:27017] org.mongodb.driver.cluster               : Monitor thread successfully connected to server with description ServerDescription{address=ac-vfianoz-shard-00-00.mvy15xt.mongodb.net:27017, type=REPLICA_SET_SECONDARY, state=CONNECTED, ok=true, minWireVersion=0, maxWireVersion=13, maxDocumentSize=16777216, logicalSessionTimeoutMinutes=30, roundTripTimeNanos=323307600, setName='atlas-spqbwh-shard-0', canonicalAddress=ac-vfianoz-shard-00-00.mvy15xt.mongodb.net:27017, hosts=[ac-vfianoz-shard-00-00.mvy15xt.mongodb.net:27017, ac-vfianoz-shard-00-01.mvy15xt.mongodb.net:27017, ac-vfianoz-shard-00-02.mvy15xt.mongodb.net:27017], passives=[], arbiters=[], primary='ac-vfianoz-shard-00-01.mvy15xt.mongodb.net:27017', tagSet=TagSet{[Tag{name='nodeType', value='ELECTABLE'}, Tag{name='provider', value='AWS'}, Tag{name='region', value='AP_SOUTH_1'}, Tag{name='workloadType', value='OPERATIONAL'}]}, electionId=null, setVersion=6, topologyVersion=TopologyVersion{processId=62ebe59255603cbea4cac4b4, counter=4}, lastWriteDate=Fri Aug 05 20:53:24 IST 2022, lastUpdateTimeNanos=221539289145600}
2022-08-05 20:53:24.569  INFO 24504 --- [cluster-ClusterId{value='62ed35ebb8c809774b7b9ac9', description='null'}-ac-vfianoz-shard-00-02.mvy15xt.mongodb.net:27017] org.mongodb.driver.cluster               : Monitor thread successfully connected to server with description ServerDescription{address=ac-vfianoz-shard-00-02.mvy15xt.mongodb.net:27017, type=REPLICA_SET_SECONDARY, state=CONNECTED, ok=true, minWireVersion=0, maxWireVersion=13, maxDocumentSize=16777216, logicalSessionTimeoutMinutes=30, roundTripTimeNanos=323307600, setName='atlas-spqbwh-shard-0', canonicalAddress=ac-vfianoz-shard-00-02.mvy15xt.mongodb.net:27017, hosts=[ac-vfianoz-shard-00-00.mvy15xt.mongodb.net:27017, ac-vfianoz-shard-00-01.mvy15xt.mongodb.net:27017, ac-vfianoz-shard-00-02.mvy15xt.mongodb.net:27017], passives=[], arbiters=[], primary='ac-vfianoz-shard-00-01.mvy15xt.mongodb.net:27017', tagSet=TagSet{[Tag{name='nodeType', value='ELECTABLE'}, Tag{name='provider', value='AWS'}, Tag{name='region', value='AP_SOUTH_1'}, Tag{name='workloadType', value='OPERATIONAL'}]}, electionId=null, setVersion=6, topologyVersion=TopologyVersion{processId=62ebe7cc5e6624f5ada42e0d, counter=3}, lastWriteDate=Fri Aug 05 20:53:24 IST 2022, lastUpdateTimeNanos=221539289145600}
2022-08-05 20:53:24.569  INFO 24504 --- [cluster-ClusterId{value='62ed35ebb8c809774b7b9ac9', description='null'}-ac-vfianoz-shard-00-01.mvy15xt.mongodb.net:27017] org.mongodb.driver.cluster               : Monitor thread successfully connected to server with description ServerDescription{address=ac-vfianoz-shard-00-01.mvy15xt.mongodb.net:27017, type=REPLICA_SET_PRIMARY, state=CONNECTED, ok=true, minWireVersion=0, maxWireVersion=13, maxDocumentSize=16777216, logicalSessionTimeoutMinutes=30, roundTripTimeNanos=323490600, setName='atlas-spqbwh-shard-0', canonicalAddress=ac-vfianoz-shard-00-01.mvy15xt.mongodb.net:27017, hosts=[ac-vfianoz-shard-00-00.mvy15xt.mongodb.net:27017, ac-vfianoz-shard-00-01.mvy15xt.mongodb.net:27017, ac-vfianoz-shard-00-02.mvy15xt.mongodb.net:27017], passives=[], arbiters=[], primary='ac-vfianoz-shard-00-01.mvy15xt.mongodb.net:27017', tagSet=TagSet{[Tag{name='nodeType', value='ELECTABLE'}, Tag{name='provider', value='AWS'}, Tag{name='region', value='AP_SOUTH_1'}, Tag{name='workloadType', value='OPERATIONAL'}]}, electionId=7fffffff00000000000000a3, setVersion=6, topologyVersion=TopologyVersion{processId=62ebe6992acf38099dd7222a, counter=6}, lastWriteDate=Fri Aug 05 20:53:24 IST 2022, lastUpdateTimeNanos=221539289353200}
2022-08-05 20:53:24.574  INFO 24504 --- [cluster-ClusterId{value='62ed35ebb8c809774b7b9ac9', description='null'}-ac-vfianoz-shard-00-01.mvy15xt.mongodb.net:27017] org.mongodb.driver.cluster               : Setting max election id to 7fffffff00000000000000a3 from replica set primary ac-vfianoz-shard-00-01.mvy15xt.mongodb.net:27017
2022-08-05 20:53:24.574  INFO 24504 --- [cluster-ClusterId{value='62ed35ebb8c809774b7b9ac9', description='null'}-ac-vfianoz-shard-00-01.mvy15xt.mongodb.net:27017] org.mongodb.driver.cluster               : Setting max set version to 6 from replica set primary ac-vfianoz-shard-00-01.mvy15xt.mongodb.net:27017
2022-08-05 20:53:24.574  INFO 24504 --- [cluster-ClusterId{value='62ed35ebb8c809774b7b9ac9', description='null'}-ac-vfianoz-shard-00-01.mvy15xt.mongodb.net:27017] org.mongodb.driver.cluster               : Discovered replica set primary ac-vfianoz-shard-00-01.mvy15xt.mongodb.net:27017
2022-08-05 20:53:31.799  INFO 24504 --- [http-nio-8081-exec-3] o.a.c.c.C.[Tomcat].[localhost].[/]       : Initializing Spring DispatcherServlet 'dispatcherServlet'
2022-08-05 20:53:31.799  INFO 24504 --- [http-nio-8081-exec-3] o.s.web.servlet.DispatcherServlet        : Initializing Servlet 'dispatcherServlet'
2022-08-05 20:53:31.801  INFO 24504 --- [http-nio-8081-exec-3] o.s.web.servlet.DispatcherServlet        : Completed initialization in 2 ms
2022-08-05 20:53:31.847  INFO 24504 --- [http-nio-8081-exec-3] com.example.demo.controller.Controller   : hello logger
2022-08-05 20:53:31.848  INFO 24504 --- [http-nio-8081-exec-3] com.example.demo.controller.Controller   : hello logger 2
2022-08-05 20:53:31.848 ERROR 24504 --- [http-nio-8081-exec-3] com.example.demo.controller.Controller   : error
2022-08-05 20:53:32.547  INFO 24504 --- [http-nio-8081-exec-4] com.example.demo.controller.Controller   : hello logger
2022-08-05 20:53:32.548  INFO 24504 --- [http-nio-8081-exec-4] com.example.demo.controller.Controller   : hello logger 2
2022-08-05 20:53:32.549 ERROR 24504 --- [http-nio-8081-exec-4] com.example.demo.controller.Controller   : error
2022-08-05 20:53:33.150  INFO 24504 --- [http-nio-8081-exec-7] com.example.demo.controller.Controller   : hello logger
2022-08-05 20:53:33.150  INFO 24504 --- [http-nio-8081-exec-7] com.example.demo.controller.Controller   : hello logger 2
2022-08-05 20:53:33.151 ERROR 24504 --- [http-nio-8081-exec-7] com.example.demo.controller.Controller   : error
2022-08-05 20:53:33.695  INFO 24504 --- [http-nio-8081-exec-1] com.example.demo.controller.Controller   : hello logger
2022-08-05 20:53:33.695  INFO 24504 --- [http-nio-8081-exec-1] com.example.demo.controller.Controller   : hello logger 2
2022-08-05 20:53:33.695 ERROR 24504 --- [http-nio-8081-exec-1] com.example.demo.controller.Controller   : error
2022-08-05 20:53:33.857  INFO 24504 --- [http-nio-8081-exec-2] com.example.demo.controller.Controller   : hello logger
2022-08-05 20:53:33.857  INFO 24504 --- [http-nio-8081-exec-2] com.example.demo.controller.Controller   : hello logger 2
2022-08-05 20:53:33.857 ERROR 24504 --- [http-nio-8081-exec-2] com.example.demo.controller.Controller   : error
2022-08-05 20:53:34.057  INFO 24504 --- [http-nio-8081-exec-5] com.example.demo.controller.Controller   : hello logger
2022-08-05 20:53:34.058  INFO 24504 --- [http-nio-8081-exec-5] com.example.demo.controller.Controller   : hello logger 2
2022-08-05 20:53:34.058 ERROR 24504 --- [http-nio-8081-exec-5] com.example.demo.controller.Controller   : error
2022-08-05 20:53:34.250  INFO 24504 --- [http-nio-8081-exec-6] com.example.demo.controller.Controller   : hello logger
2022-08-05 20:53:34.251  INFO 24504 --- [http-nio-8081-exec-6] com.example.demo.controller.Controller   : hello logger 2
2022-08-05 20:53:34.251 ERROR 24504 --- [http-nio-8081-exec-6] com.example.demo.controller.Controller   : error
2022-08-05 20:53:34.442  INFO 24504 --- [http-nio-8081-exec-10] com.example.demo.controller.Controller   : hello logger
2022-08-05 20:53:34.442  INFO 24504 --- [http-nio-8081-exec-10] com.example.demo.controller.Controller   : hello logger 2
2022-08-05 20:53:34.442 ERROR 24504 --- [http-nio-8081-exec-10] com.example.demo.controller.Controller   : error
2022-08-05 20:53:34.634  INFO 24504 --- [http-nio-8081-exec-9] com.example.demo.controller.Controller   : hello logger
2022-08-05 20:53:34.634  INFO 24504 --- [http-nio-8081-exec-9] com.example.demo.controller.Controller   : hello logger 2
2022-08-05 20:53:34.634 ERROR 24504 --- [http-nio-8081-exec-9] com.example.demo.controller.Controller   : error
2022-08-05 20:53:34.871  INFO 24504 --- [http-nio-8081-exec-8] com.example.demo.controller.Controller   : hello logger
2022-08-05 20:53:34.872  INFO 24504 --- [http-nio-8081-exec-8] com.example.demo.controller.Controller   : hello logger 2
2022-08-05 20:53:34.872 ERROR 24504 --- [http-nio-8081-exec-8] com.example.demo.controller.Controller   : error
